2023-09-22 06:52:57.720 [background-preinit] INFO  o.h.validator.internal.util.Version - HV000001: Hibernate Validator 6.2.5.Final
2023-09-22 06:52:57.723 [restartedMain] INFO  c.p.pdt_sales.PdtSalesApplication - Starting PdtSalesApplication using Java 17.0.8 on RJ with PID 18250 (/home/regino_deang/testingfolder/JAVAproject/ntu_pjt2_pdt_sales_api/target/classes started by regino_deang in /home/regino_deang/testingfolder/JAVAproject/ntu_pjt2_pdt_sales_api)
2023-09-22 06:52:57.723 [restartedMain] INFO  c.p.pdt_sales.PdtSalesApplication - No active profile set, falling back to 1 default profile: "default"
2023-09-22 06:52:57.751 [restartedMain] INFO  o.s.b.d.e.DevToolsPropertyDefaultsPostProcessor - Devtools property defaults active! Set 'spring.devtools.add-properties' to 'false' to disable
2023-09-22 06:52:57.751 [restartedMain] INFO  o.s.b.d.e.DevToolsPropertyDefaultsPostProcessor - For additional web related logging consider setting the 'logging.level.web' property to 'DEBUG'
2023-09-22 06:52:58.047 [restartedMain] INFO  o.s.d.r.c.RepositoryConfigurationDelegate - Bootstrapping Spring Data JPA repositories in DEFAULT mode.
2023-09-22 06:52:58.075 [restartedMain] INFO  o.s.d.r.c.RepositoryConfigurationDelegate - Finished Spring Data repository scanning in 24 ms. Found 2 JPA repository interfaces.
2023-09-22 06:52:58.362 [restartedMain] INFO  o.s.b.w.e.tomcat.TomcatWebServer - Tomcat initialized with port(s): 8080 (http)
2023-09-22 06:52:58.365 [restartedMain] INFO  o.a.coyote.http11.Http11NioProtocol - Initializing ProtocolHandler ["http-nio-8080"]
2023-09-22 06:52:58.366 [restartedMain] INFO  o.a.catalina.core.StandardService - Starting service [Tomcat]
2023-09-22 06:52:58.366 [restartedMain] INFO  o.a.catalina.core.StandardEngine - Starting Servlet engine: [Apache Tomcat/9.0.79]
2023-09-22 06:52:58.395 [restartedMain] INFO  o.a.c.c.C.[Tomcat].[localhost].[/] - Initializing Spring embedded WebApplicationContext
2023-09-22 06:52:58.395 [restartedMain] INFO  o.s.b.w.s.c.ServletWebServerApplicationContext - Root WebApplicationContext: initialization completed in 644 ms
2023-09-22 06:52:58.473 [restartedMain] INFO  o.h.jpa.internal.util.LogHelper - HHH000204: Processing PersistenceUnitInfo [name: default]
2023-09-22 06:52:58.488 [restartedMain] INFO  org.hibernate.Version - HHH000412: Hibernate ORM core version 5.6.15.Final
2023-09-22 06:52:58.542 [restartedMain] INFO  o.h.annotations.common.Version - HCANN000001: Hibernate Commons Annotations {5.1.2.Final}
2023-09-22 06:52:58.582 [restartedMain] INFO  com.zaxxer.hikari.HikariDataSource - HikariPool-1 - Starting...
2023-09-22 06:52:58.696 [restartedMain] INFO  com.zaxxer.hikari.HikariDataSource - HikariPool-1 - Start completed.
2023-09-22 06:52:58.703 [restartedMain] INFO  org.hibernate.dialect.Dialect - HHH000400: Using dialect: org.hibernate.dialect.PostgreSQLDialect
2023-09-22 06:52:58.991 [restartedMain] INFO  o.h.e.t.j.p.i.JtaPlatformInitiator - HHH000490: Using JtaPlatform implementation: [org.hibernate.engine.transaction.jta.platform.internal.NoJtaPlatform]
2023-09-22 06:52:58.994 [restartedMain] INFO  o.s.o.j.LocalContainerEntityManagerFactoryBean - Initialized JPA EntityManagerFactory for persistence unit 'default'
2023-09-22 06:53:12.392 [restartedMain] INFO  o.s.s.web.DefaultSecurityFilterChain - Will secure any request with [org.springframework.security.web.session.DisableEncodeUrlFilter@6ab93da5, org.springframework.security.web.context.request.async.WebAsyncManagerIntegrationFilter@80e2403, org.springframework.security.web.context.SecurityContextPersistenceFilter@7a6cee5b, org.springframework.security.web.header.HeaderWriterFilter@6271b4be, org.springframework.security.web.authentication.logout.LogoutFilter@705767da, org.springframework.security.web.authentication.www.BasicAuthenticationFilter@45cd120, org.springframework.security.web.savedrequest.RequestCacheAwareFilter@75a92c67, org.springframework.security.web.servletapi.SecurityContextHolderAwareRequestFilter@5eb91440, org.springframework.security.web.authentication.AnonymousAuthenticationFilter@13ff4f36, org.springframework.security.web.session.SessionManagementFilter@69068ec5, org.springframework.security.web.access.ExceptionTranslationFilter@3d1bb851, org.springframework.security.web.access.intercept.AuthorizationFilter@637dff45]
2023-09-22 06:53:12.417 [restartedMain] WARN  o.s.b.a.o.j.JpaBaseConfiguration$JpaWebConfiguration - spring.jpa.open-in-view is enabled by default. Therefore, database queries may be performed during view rendering. Explicitly configure spring.jpa.open-in-view to disable this warning
2023-09-22 06:53:12.647 [restartedMain] INFO  o.s.b.d.a.OptionalLiveReloadServer - LiveReload server is running on port 35729
2023-09-22 06:53:12.654 [restartedMain] INFO  o.a.coyote.http11.Http11NioProtocol - Starting ProtocolHandler ["http-nio-8080"]
2023-09-22 06:53:12.661 [restartedMain] INFO  o.s.b.w.e.tomcat.TomcatWebServer - Tomcat started on port(s): 8080 (http) with context path ''
2023-09-22 06:53:12.669 [restartedMain] INFO  c.p.pdt_sales.PdtSalesApplication - Started PdtSalesApplication in 15.085 seconds (JVM running for 15.295)
2023-09-22 06:55:12.598 [http-nio-8080-exec-2] INFO  o.a.c.c.C.[Tomcat].[localhost].[/] - Initializing Spring DispatcherServlet 'dispatcherServlet'
2023-09-22 06:55:12.598 [http-nio-8080-exec-2] INFO  o.s.web.servlet.DispatcherServlet - Initializing Servlet 'dispatcherServlet'
2023-09-22 06:55:12.599 [http-nio-8080-exec-2] INFO  o.s.web.servlet.DispatcherServlet - Completed initialization in 0 ms
2023-09-22 06:55:12.609 [http-nio-8080-exec-2] INFO  c.p.p.R.LoggingFilter - Request Method: GET; Resource: all product records
2023-09-22 06:55:20.403 [http-nio-8080-exec-3] INFO  c.p.p.R.LoggingFilter - Request Method: GET; Resource: all sales records
2023-09-22 06:55:31.456 [http-nio-8080-exec-4] INFO  c.p.p.R.LoggingFilter - Request Method: GET; Resource: productID:111
2023-09-22 06:55:31.465 [http-nio-8080-exec-4] WARN  o.s.w.s.m.m.a.ExceptionHandlerExceptionResolver - Resolved [com.pdt_sales.pdt_sales.exception.ProductNotFoundException: Could not find product 111]
2023-09-22 06:55:37.057 [http-nio-8080-exec-5] INFO  c.p.p.R.LoggingFilter - Request Method: POST; Resource: all product records
2023-09-22 06:55:37.123 [http-nio-8080-exec-5] INFO  c.p.p.R.PUTProducts - Product Key (111) created
2023-09-22 06:55:40.886 [http-nio-8080-exec-6] INFO  c.p.p.R.LoggingFilter - Request Method: GET; Resource: productID:111
2023-09-22 06:55:50.093 [http-nio-8080-exec-7] INFO  c.p.p.R.LoggingFilter - Request Method: DELETE; Resource: productID:111
2023-09-22 06:55:53.840 [http-nio-8080-exec-8] INFO  c.p.p.R.LoggingFilter - Request Method: GET; Resource: productID:111
2023-09-22 06:55:53.842 [http-nio-8080-exec-8] WARN  o.s.w.s.m.m.a.ExceptionHandlerExceptionResolver - Resolved [com.pdt_sales.pdt_sales.exception.ProductNotFoundException: Could not find product 111]
2023-09-22 06:56:05.483 [http-nio-8080-exec-9] INFO  c.p.p.R.LoggingFilter - Request Method: POST; Resource: all sales records
2023-09-22 06:56:05.492 [http-nio-8080-exec-9] INFO  c.p.p.R.PUTSales - Sales ID (29482) created
2023-09-22 06:56:17.815 [http-nio-8080-exec-10] INFO  c.p.p.R.LoggingFilter - Request Method: DELETE; Resource: salesID:29482
2023-09-22 06:57:09.378 [File Watcher] INFO  o.s.b.d.a.LocalDevToolsAutoConfiguration$RestartingClassPathChangeChangedEventListener - Restarting due to 2 class path changes (0 additions, 0 deletions, 2 modifications)
2023-09-22 06:57:09.381 [Thread-5] INFO  o.a.coyote.http11.Http11NioProtocol - Pausing ProtocolHandler ["http-nio-8080"]
2023-09-22 06:57:09.381 [Thread-5] INFO  o.a.catalina.core.StandardService - Stopping service [Tomcat]
2023-09-22 06:57:09.382 [Thread-5] INFO  o.a.c.c.C.[Tomcat].[localhost].[/] - Destroying Spring FrameworkServlet 'dispatcherServlet'
2023-09-22 06:57:09.387 [Thread-5] INFO  o.a.coyote.http11.Http11NioProtocol - Stopping ProtocolHandler ["http-nio-8080"]
2023-09-22 06:57:09.388 [Thread-5] INFO  o.a.coyote.http11.Http11NioProtocol - Destroying ProtocolHandler ["http-nio-8080"]
2023-09-22 06:57:09.390 [Thread-5] INFO  o.s.o.j.LocalContainerEntityManagerFactoryBean - Closing JPA EntityManagerFactory for persistence unit 'default'
2023-09-22 06:57:09.391 [Thread-5] INFO  com.zaxxer.hikari.HikariDataSource - HikariPool-1 - Shutdown initiated...
2023-09-22 06:57:09.394 [Thread-5] INFO  com.zaxxer.hikari.HikariDataSource - HikariPool-1 - Shutdown completed.
2023-09-22 06:57:09.429 [restartedMain] INFO  c.p.pdt_sales.PdtSalesApplication - Starting PdtSalesApplication using Java 17.0.8 on RJ with PID 18250 (/home/regino_deang/testingfolder/JAVAproject/ntu_pjt2_pdt_sales_api/target/classes started by regino_deang in /home/regino_deang/testingfolder/JAVAproject/ntu_pjt2_pdt_sales_api)
2023-09-22 06:57:09.429 [restartedMain] INFO  c.p.pdt_sales.PdtSalesApplication - No active profile set, falling back to 1 default profile: "default"
2023-09-22 06:57:09.506 [restartedMain] INFO  o.s.d.r.c.RepositoryConfigurationDelegate - Bootstrapping Spring Data JPA repositories in DEFAULT mode.
2023-09-22 06:57:09.511 [restartedMain] INFO  o.s.d.r.c.RepositoryConfigurationDelegate - Finished Spring Data repository scanning in 4 ms. Found 2 JPA repository interfaces.
2023-09-22 06:57:09.587 [restartedMain] INFO  o.s.b.w.e.tomcat.TomcatWebServer - Tomcat initialized with port(s): 8080 (http)
2023-09-22 06:57:09.587 [restartedMain] INFO  o.a.coyote.http11.Http11NioProtocol - Initializing ProtocolHandler ["http-nio-8080"]
2023-09-22 06:57:09.588 [restartedMain] INFO  o.a.catalina.core.StandardService - Starting service [Tomcat]
2023-09-22 06:57:09.588 [restartedMain] INFO  o.a.catalina.core.StandardEngine - Starting Servlet engine: [Apache Tomcat/9.0.79]
2023-09-22 06:57:09.592 [restartedMain] INFO  o.a.c.c.C.[Tomcat].[localhost].[/] - Initializing Spring embedded WebApplicationContext
2023-09-22 06:57:09.592 [restartedMain] INFO  o.s.b.w.s.c.ServletWebServerApplicationContext - Root WebApplicationContext: initialization completed in 162 ms
2023-09-22 06:57:09.596 [restartedMain] ERROR o.s.b.w.e.tomcat.TomcatStarter - Error starting Tomcat context. Exception: org.springframework.beans.factory.BeanCreationException. Message: Error creating bean with name 'loggingFilter' defined in file [/home/regino_deang/testingfolder/JAVAproject/ntu_pjt2_pdt_sales_api/target/classes/com/pdt_sales/pdt_sales/RequestResponseLoggingFilter/LoggingFilter.class]: Instantiation of bean failed; nested exception is org.springframework.beans.BeanInstantiationException: Failed to instantiate [com.pdt_sales.pdt_sales.RequestResponseLoggingFilter.LoggingFilter]: Constructor threw exception; nested exception is java.lang.Error: Unresolved compilation problems: 
	PUTProducts cannot be resolved to a type
	PUTProducts cannot be resolved to a type

2023-09-22 06:57:09.598 [restartedMain] INFO  o.a.catalina.core.StandardService - Stopping service [Tomcat]
2023-09-22 06:57:09.599 [restartedMain] WARN  o.s.b.w.s.c.AnnotationConfigServletWebServerApplicationContext - Exception encountered during context initialization - cancelling refresh attempt: org.springframework.context.ApplicationContextException: Unable to start web server; nested exception is org.springframework.boot.web.server.WebServerException: Unable to start embedded Tomcat
2023-09-22 06:57:09.602 [restartedMain] INFO  o.s.b.a.l.ConditionEvaluationReportLoggingListener - 

Error starting ApplicationContext. To display the conditions report re-run your application with 'debug' enabled.
2023-09-22 06:57:09.613 [restartedMain] ERROR o.s.boot.SpringApplication - Application run failed
org.springframework.context.ApplicationContextException: Unable to start web server; nested exception is org.springframework.boot.web.server.WebServerException: Unable to start embedded Tomcat
	at org.springframework.boot.web.servlet.context.ServletWebServerApplicationContext.onRefresh(ServletWebServerApplicationContext.java:165)
	at org.springframework.context.support.AbstractApplicationContext.refresh(AbstractApplicationContext.java:577)
	at org.springframework.boot.web.servlet.context.ServletWebServerApplicationContext.refresh(ServletWebServerApplicationContext.java:147)
	at org.springframework.boot.SpringApplication.refresh(SpringApplication.java:731)
	at org.springframework.boot.SpringApplication.refreshContext(SpringApplication.java:408)
	at org.springframework.boot.SpringApplication.run(SpringApplication.java:307)
	at org.springframework.boot.SpringApplication.run(SpringApplication.java:1303)
	at org.springframework.boot.SpringApplication.run(SpringApplication.java:1292)
	at com.pdt_sales.pdt_sales.PdtSalesApplication.main(PdtSalesApplication.java:10)
	at java.base/jdk.internal.reflect.NativeMethodAccessorImpl.invoke0(Native Method)
	at java.base/jdk.internal.reflect.NativeMethodAccessorImpl.invoke(NativeMethodAccessorImpl.java:77)
	at java.base/jdk.internal.reflect.DelegatingMethodAccessorImpl.invoke(DelegatingMethodAccessorImpl.java:43)
	at java.base/java.lang.reflect.Method.invoke(Method.java:568)
	at org.springframework.boot.devtools.restart.RestartLauncher.run(RestartLauncher.java:50)
Caused by: org.springframework.boot.web.server.WebServerException: Unable to start embedded Tomcat
	at org.springframework.boot.web.embedded.tomcat.TomcatWebServer.initialize(TomcatWebServer.java:142)
	at org.springframework.boot.web.embedded.tomcat.TomcatWebServer.<init>(TomcatWebServer.java:104)
	at org.springframework.boot.web.embedded.tomcat.TomcatServletWebServerFactory.getTomcatWebServer(TomcatServletWebServerFactory.java:481)
	at org.springframework.boot.web.embedded.tomcat.TomcatServletWebServerFactory.getWebServer(TomcatServletWebServerFactory.java:211)
	at org.springframework.boot.web.servlet.context.ServletWebServerApplicationContext.createWebServer(ServletWebServerApplicationContext.java:184)
	at org.springframework.boot.web.servlet.context.ServletWebServerApplicationContext.onRefresh(ServletWebServerApplicationContext.java:162)
	... 13 common frames omitted
Caused by: org.springframework.beans.factory.BeanCreationException: Error creating bean with name 'loggingFilter' defined in file [/home/regino_deang/testingfolder/JAVAproject/ntu_pjt2_pdt_sales_api/target/classes/com/pdt_sales/pdt_sales/RequestResponseLoggingFilter/LoggingFilter.class]: Instantiation of bean failed; nested exception is org.springframework.beans.BeanInstantiationException: Failed to instantiate [com.pdt_sales.pdt_sales.RequestResponseLoggingFilter.LoggingFilter]: Constructor threw exception; nested exception is java.lang.Error: Unresolved compilation problems: 
	PUTProducts cannot be resolved to a type
	PUTProducts cannot be resolved to a type

	at org.springframework.beans.factory.support.AbstractAutowireCapableBeanFactory.instantiateBean(AbstractAutowireCapableBeanFactory.java:1334)
	at org.springframework.beans.factory.support.AbstractAutowireCapableBeanFactory.createBeanInstance(AbstractAutowireCapableBeanFactory.java:1232)
	at org.springframework.beans.factory.support.AbstractAutowireCapableBeanFactory.doCreateBean(AbstractAutowireCapableBeanFactory.java:582)
	at org.springframework.beans.factory.support.AbstractAutowireCapableBeanFactory.createBean(AbstractAutowireCapableBeanFactory.java:542)
	at org.springframework.beans.factory.support.AbstractBeanFactory.lambda$doGetBean$0(AbstractBeanFactory.java:335)
	at org.springframework.beans.factory.support.DefaultSingletonBeanRegistry.getSingleton(DefaultSingletonBeanRegistry.java:234)
	at org.springframework.beans.factory.support.AbstractBeanFactory.doGetBean(AbstractBeanFactory.java:333)
	at org.springframework.beans.factory.support.AbstractBeanFactory.getBean(AbstractBeanFactory.java:213)
	at org.springframework.boot.web.servlet.ServletContextInitializerBeans.getOrderedBeansOfType(ServletContextInitializerBeans.java:213)
	at org.springframework.boot.web.servlet.ServletContextInitializerBeans.addAsRegistrationBean(ServletContextInitializerBeans.java:176)
	at org.springframework.boot.web.servlet.ServletContextInitializerBeans.addAsRegistrationBean(ServletContextInitializerBeans.java:171)
	at org.springframework.boot.web.servlet.ServletContextInitializerBeans.addAdaptableBeans(ServletContextInitializerBeans.java:156)
	at org.springframework.boot.web.servlet.ServletContextInitializerBeans.<init>(ServletContextInitializerBeans.java:87)
	at org.springframework.boot.web.servlet.context.ServletWebServerApplicationContext.getServletContextInitializerBeans(ServletWebServerApplicationContext.java:262)
	at org.springframework.boot.web.servlet.context.ServletWebServerApplicationContext.selfInitialize(ServletWebServerApplicationContext.java:236)
	at org.springframework.boot.web.embedded.tomcat.TomcatStarter.onStartup(TomcatStarter.java:53)
	at org.apache.catalina.core.StandardContext.startInternal(StandardContext.java:4940)
	at org.apache.catalina.util.LifecycleBase.start(LifecycleBase.java:183)
	at org.apache.catalina.core.ContainerBase$StartChild.call(ContainerBase.java:1328)
	at org.apache.catalina.core.ContainerBase$StartChild.call(ContainerBase.java:1318)
	at java.base/java.util.concurrent.FutureTask.run(FutureTask.java:264)
	at org.apache.tomcat.util.threads.InlineExecutorService.execute(InlineExecutorService.java:75)
	at java.base/java.util.concurrent.AbstractExecutorService.submit(AbstractExecutorService.java:145)
	at org.apache.catalina.core.ContainerBase.startInternal(ContainerBase.java:866)
	at org.apache.catalina.core.StandardHost.startInternal(StandardHost.java:795)
	at org.apache.catalina.util.LifecycleBase.start(LifecycleBase.java:183)
	at org.apache.catalina.core.ContainerBase$StartChild.call(ContainerBase.java:1328)
	at org.apache.catalina.core.ContainerBase$StartChild.call(ContainerBase.java:1318)
	at java.base/java.util.concurrent.FutureTask.run(FutureTask.java:264)
	at org.apache.tomcat.util.threads.InlineExecutorService.execute(InlineExecutorService.java:75)
	at java.base/java.util.concurrent.AbstractExecutorService.submit(AbstractExecutorService.java:145)
	at org.apache.catalina.core.ContainerBase.startInternal(ContainerBase.java:866)
	at org.apache.catalina.core.StandardEngine.startInternal(StandardEngine.java:249)
	at org.apache.catalina.util.LifecycleBase.start(LifecycleBase.java:183)
	at org.apache.catalina.core.StandardService.startInternal(StandardService.java:428)
	at org.apache.catalina.util.LifecycleBase.start(LifecycleBase.java:183)
	at org.apache.catalina.core.StandardServer.startInternal(StandardServer.java:922)
	at org.apache.catalina.util.LifecycleBase.start(LifecycleBase.java:183)
	at org.apache.catalina.startup.Tomcat.start(Tomcat.java:486)
	at org.springframework.boot.web.embedded.tomcat.TomcatWebServer.initialize(TomcatWebServer.java:123)
	... 18 common frames omitted
Caused by: org.springframework.beans.BeanInstantiationException: Failed to instantiate [com.pdt_sales.pdt_sales.RequestResponseLoggingFilter.LoggingFilter]: Constructor threw exception; nested exception is java.lang.Error: Unresolved compilation problems: 
	PUTProducts cannot be resolved to a type
	PUTProducts cannot be resolved to a type

	at org.springframework.beans.BeanUtils.instantiateClass(BeanUtils.java:224)
	at org.springframework.beans.factory.support.SimpleInstantiationStrategy.instantiate(SimpleInstantiationStrategy.java:87)
	at org.springframework.beans.factory.support.AbstractAutowireCapableBeanFactory.instantiateBean(AbstractAutowireCapableBeanFactory.java:1326)
	... 57 common frames omitted
Caused by: java.lang.Error: Unresolved compilation problems: 
	PUTProducts cannot be resolved to a type
	PUTProducts cannot be resolved to a type

	at com.pdt_sales.pdt_sales.RequestResponseLoggingFilter.LoggingFilter.<init>(LoggingFilter.java:29)
	at java.base/jdk.internal.reflect.NativeConstructorAccessorImpl.newInstance0(Native Method)
	at java.base/jdk.internal.reflect.NativeConstructorAccessorImpl.newInstance(NativeConstructorAccessorImpl.java:77)
	at java.base/jdk.internal.reflect.DelegatingConstructorAccessorImpl.newInstance(DelegatingConstructorAccessorImpl.java:45)
	at java.base/java.lang.reflect.Constructor.newInstanceWithCaller(Constructor.java:499)
	at java.base/java.lang.reflect.Constructor.newInstance(Constructor.java:480)
	at org.springframework.beans.BeanUtils.instantiateClass(BeanUtils.java:211)
	... 59 common frames omitted
2023-09-22 06:57:11.033 [restartedMain] INFO  c.p.pdt_sales.PdtSalesApplication - Starting PdtSalesApplication using Java 17.0.8 on RJ with PID 18250 (/home/regino_deang/testingfolder/JAVAproject/ntu_pjt2_pdt_sales_api/target/classes started by regino_deang in /home/regino_deang/testingfolder/JAVAproject/ntu_pjt2_pdt_sales_api)
2023-09-22 06:57:11.033 [restartedMain] INFO  c.p.pdt_sales.PdtSalesApplication - No active profile set, falling back to 1 default profile: "default"
2023-09-22 06:57:11.088 [restartedMain] INFO  o.s.d.r.c.RepositoryConfigurationDelegate - Bootstrapping Spring Data JPA repositories in DEFAULT mode.
2023-09-22 06:57:11.092 [restartedMain] INFO  o.s.d.r.c.RepositoryConfigurationDelegate - Finished Spring Data repository scanning in 3 ms. Found 2 JPA repository interfaces.
2023-09-22 06:57:11.135 [restartedMain] INFO  o.s.b.w.e.tomcat.TomcatWebServer - Tomcat initialized with port(s): 8080 (http)
2023-09-22 06:57:11.136 [restartedMain] INFO  o.a.coyote.http11.Http11NioProtocol - Initializing ProtocolHandler ["http-nio-8080"]
2023-09-22 06:57:11.136 [restartedMain] INFO  o.a.catalina.core.StandardService - Starting service [Tomcat]
2023-09-22 06:57:11.136 [restartedMain] INFO  o.a.catalina.core.StandardEngine - Starting Servlet engine: [Apache Tomcat/9.0.79]
2023-09-22 06:57:11.140 [restartedMain] INFO  o.a.c.c.C.[Tomcat-1].[localhost].[/] - Initializing Spring embedded WebApplicationContext
2023-09-22 06:57:11.140 [restartedMain] INFO  o.s.b.w.s.c.ServletWebServerApplicationContext - Root WebApplicationContext: initialization completed in 106 ms
2023-09-22 06:57:11.143 [restartedMain] ERROR o.s.b.w.e.tomcat.TomcatStarter - Error starting Tomcat context. Exception: org.springframework.beans.factory.BeanCreationException. Message: Error creating bean with name 'loggingFilter' defined in file [/home/regino_deang/testingfolder/JAVAproject/ntu_pjt2_pdt_sales_api/target/classes/com/pdt_sales/pdt_sales/RequestResponseLoggingFilter/LoggingFilter.class]: Instantiation of bean failed; nested exception is org.springframework.beans.BeanInstantiationException: Failed to instantiate [com.pdt_sales.pdt_sales.RequestResponseLoggingFilter.LoggingFilter]: Constructor threw exception; nested exception is java.lang.Error: Unresolved compilation problems: 
	PUTProducts cannot be resolved to a type
	PUTProducts cannot be resolved to a type

2023-09-22 06:57:11.145 [restartedMain] INFO  o.a.catalina.core.StandardService - Stopping service [Tomcat]
2023-09-22 06:57:11.146 [restartedMain] WARN  o.s.b.w.s.c.AnnotationConfigServletWebServerApplicationContext - Exception encountered during context initialization - cancelling refresh attempt: org.springframework.context.ApplicationContextException: Unable to start web server; nested exception is org.springframework.boot.web.server.WebServerException: Unable to start embedded Tomcat
2023-09-22 06:57:11.148 [restartedMain] INFO  o.s.b.a.l.ConditionEvaluationReportLoggingListener - 

Error starting ApplicationContext. To display the conditions report re-run your application with 'debug' enabled.
2023-09-22 06:57:11.149 [restartedMain] ERROR o.s.boot.SpringApplication - Application run failed
org.springframework.context.ApplicationContextException: Unable to start web server; nested exception is org.springframework.boot.web.server.WebServerException: Unable to start embedded Tomcat
	at org.springframework.boot.web.servlet.context.ServletWebServerApplicationContext.onRefresh(ServletWebServerApplicationContext.java:165)
	at org.springframework.context.support.AbstractApplicationContext.refresh(AbstractApplicationContext.java:577)
	at org.springframework.boot.web.servlet.context.ServletWebServerApplicationContext.refresh(ServletWebServerApplicationContext.java:147)
	at org.springframework.boot.SpringApplication.refresh(SpringApplication.java:731)
	at org.springframework.boot.SpringApplication.refreshContext(SpringApplication.java:408)
	at org.springframework.boot.SpringApplication.run(SpringApplication.java:307)
	at org.springframework.boot.SpringApplication.run(SpringApplication.java:1303)
	at org.springframework.boot.SpringApplication.run(SpringApplication.java:1292)
	at com.pdt_sales.pdt_sales.PdtSalesApplication.main(PdtSalesApplication.java:10)
	at java.base/jdk.internal.reflect.NativeMethodAccessorImpl.invoke0(Native Method)
	at java.base/jdk.internal.reflect.NativeMethodAccessorImpl.invoke(NativeMethodAccessorImpl.java:77)
	at java.base/jdk.internal.reflect.DelegatingMethodAccessorImpl.invoke(DelegatingMethodAccessorImpl.java:43)
	at java.base/java.lang.reflect.Method.invoke(Method.java:568)
	at org.springframework.boot.devtools.restart.RestartLauncher.run(RestartLauncher.java:50)
Caused by: org.springframework.boot.web.server.WebServerException: Unable to start embedded Tomcat
	at org.springframework.boot.web.embedded.tomcat.TomcatWebServer.initialize(TomcatWebServer.java:142)
	at org.springframework.boot.web.embedded.tomcat.TomcatWebServer.<init>(TomcatWebServer.java:104)
	at org.springframework.boot.web.embedded.tomcat.TomcatServletWebServerFactory.getTomcatWebServer(TomcatServletWebServerFactory.java:481)
	at org.springframework.boot.web.embedded.tomcat.TomcatServletWebServerFactory.getWebServer(TomcatServletWebServerFactory.java:211)
	at org.springframework.boot.web.servlet.context.ServletWebServerApplicationContext.createWebServer(ServletWebServerApplicationContext.java:184)
	at org.springframework.boot.web.servlet.context.ServletWebServerApplicationContext.onRefresh(ServletWebServerApplicationContext.java:162)
	... 13 common frames omitted
Caused by: org.springframework.beans.factory.BeanCreationException: Error creating bean with name 'loggingFilter' defined in file [/home/regino_deang/testingfolder/JAVAproject/ntu_pjt2_pdt_sales_api/target/classes/com/pdt_sales/pdt_sales/RequestResponseLoggingFilter/LoggingFilter.class]: Instantiation of bean failed; nested exception is org.springframework.beans.BeanInstantiationException: Failed to instantiate [com.pdt_sales.pdt_sales.RequestResponseLoggingFilter.LoggingFilter]: Constructor threw exception; nested exception is java.lang.Error: Unresolved compilation problems: 
	PUTProducts cannot be resolved to a type
	PUTProducts cannot be resolved to a type

	at org.springframework.beans.factory.support.AbstractAutowireCapableBeanFactory.instantiateBean(AbstractAutowireCapableBeanFactory.java:1334)
	at org.springframework.beans.factory.support.AbstractAutowireCapableBeanFactory.createBeanInstance(AbstractAutowireCapableBeanFactory.java:1232)
	at org.springframework.beans.factory.support.AbstractAutowireCapableBeanFactory.doCreateBean(AbstractAutowireCapableBeanFactory.java:582)
	at org.springframework.beans.factory.support.AbstractAutowireCapableBeanFactory.createBean(AbstractAutowireCapableBeanFactory.java:542)
	at org.springframework.beans.factory.support.AbstractBeanFactory.lambda$doGetBean$0(AbstractBeanFactory.java:335)
	at org.springframework.beans.factory.support.DefaultSingletonBeanRegistry.getSingleton(DefaultSingletonBeanRegistry.java:234)
	at org.springframework.beans.factory.support.AbstractBeanFactory.doGetBean(AbstractBeanFactory.java:333)
	at org.springframework.beans.factory.support.AbstractBeanFactory.getBean(AbstractBeanFactory.java:213)
	at org.springframework.boot.web.servlet.ServletContextInitializerBeans.getOrderedBeansOfType(ServletContextInitializerBeans.java:213)
	at org.springframework.boot.web.servlet.ServletContextInitializerBeans.addAsRegistrationBean(ServletContextInitializerBeans.java:176)
	at org.springframework.boot.web.servlet.ServletContextInitializerBeans.addAsRegistrationBean(ServletContextInitializerBeans.java:171)
	at org.springframework.boot.web.servlet.ServletContextInitializerBeans.addAdaptableBeans(ServletContextInitializerBeans.java:156)
	at org.springframework.boot.web.servlet.ServletContextInitializerBeans.<init>(ServletContextInitializerBeans.java:87)
	at org.springframework.boot.web.servlet.context.ServletWebServerApplicationContext.getServletContextInitializerBeans(ServletWebServerApplicationContext.java:262)
	at org.springframework.boot.web.servlet.context.ServletWebServerApplicationContext.selfInitialize(ServletWebServerApplicationContext.java:236)
	at org.springframework.boot.web.embedded.tomcat.TomcatStarter.onStartup(TomcatStarter.java:53)
	at org.apache.catalina.core.StandardContext.startInternal(StandardContext.java:4940)
	at org.apache.catalina.util.LifecycleBase.start(LifecycleBase.java:183)
	at org.apache.catalina.core.ContainerBase$StartChild.call(ContainerBase.java:1328)
	at org.apache.catalina.core.ContainerBase$StartChild.call(ContainerBase.java:1318)
	at java.base/java.util.concurrent.FutureTask.run(FutureTask.java:264)
	at org.apache.tomcat.util.threads.InlineExecutorService.execute(InlineExecutorService.java:75)
	at java.base/java.util.concurrent.AbstractExecutorService.submit(AbstractExecutorService.java:145)
	at org.apache.catalina.core.ContainerBase.startInternal(ContainerBase.java:866)
	at org.apache.catalina.core.StandardHost.startInternal(StandardHost.java:795)
	at org.apache.catalina.util.LifecycleBase.start(LifecycleBase.java:183)
	at org.apache.catalina.core.ContainerBase$StartChild.call(ContainerBase.java:1328)
	at org.apache.catalina.core.ContainerBase$StartChild.call(ContainerBase.java:1318)
	at java.base/java.util.concurrent.FutureTask.run(FutureTask.java:264)
	at org.apache.tomcat.util.threads.InlineExecutorService.execute(InlineExecutorService.java:75)
	at java.base/java.util.concurrent.AbstractExecutorService.submit(AbstractExecutorService.java:145)
	at org.apache.catalina.core.ContainerBase.startInternal(ContainerBase.java:866)
	at org.apache.catalina.core.StandardEngine.startInternal(StandardEngine.java:249)
	at org.apache.catalina.util.LifecycleBase.start(LifecycleBase.java:183)
	at org.apache.catalina.core.StandardService.startInternal(StandardService.java:428)
	at org.apache.catalina.util.LifecycleBase.start(LifecycleBase.java:183)
	at org.apache.catalina.core.StandardServer.startInternal(StandardServer.java:922)
	at org.apache.catalina.util.LifecycleBase.start(LifecycleBase.java:183)
	at org.apache.catalina.startup.Tomcat.start(Tomcat.java:486)
	at org.springframework.boot.web.embedded.tomcat.TomcatWebServer.initialize(TomcatWebServer.java:123)
	... 18 common frames omitted
Caused by: org.springframework.beans.BeanInstantiationException: Failed to instantiate [com.pdt_sales.pdt_sales.RequestResponseLoggingFilter.LoggingFilter]: Constructor threw exception; nested exception is java.lang.Error: Unresolved compilation problems: 
	PUTProducts cannot be resolved to a type
	PUTProducts cannot be resolved to a type

	at org.springframework.beans.BeanUtils.instantiateClass(BeanUtils.java:224)
	at org.springframework.beans.factory.support.SimpleInstantiationStrategy.instantiate(SimpleInstantiationStrategy.java:87)
	at org.springframework.beans.factory.support.AbstractAutowireCapableBeanFactory.instantiateBean(AbstractAutowireCapableBeanFactory.java:1326)
	... 57 common frames omitted
Caused by: java.lang.Error: Unresolved compilation problems: 
	PUTProducts cannot be resolved to a type
	PUTProducts cannot be resolved to a type

	at com.pdt_sales.pdt_sales.RequestResponseLoggingFilter.LoggingFilter.<init>(LoggingFilter.java:29)
	at java.base/jdk.internal.reflect.NativeConstructorAccessorImpl.newInstance0(Native Method)
	at java.base/jdk.internal.reflect.NativeConstructorAccessorImpl.newInstance(NativeConstructorAccessorImpl.java:77)
	at java.base/jdk.internal.reflect.DelegatingConstructorAccessorImpl.newInstance(DelegatingConstructorAccessorImpl.java:45)
	at java.base/java.lang.reflect.Constructor.newInstanceWithCaller(Constructor.java:499)
	at java.base/java.lang.reflect.Constructor.newInstance(Constructor.java:480)
	at org.springframework.beans.BeanUtils.instantiateClass(BeanUtils.java:211)
	... 59 common frames omitted
2023-09-22 06:57:23.587 [restartedMain] INFO  c.p.pdt_sales.PdtSalesApplication - Starting PdtSalesApplication using Java 17.0.8 on RJ with PID 18250 (/home/regino_deang/testingfolder/JAVAproject/ntu_pjt2_pdt_sales_api/target/classes started by regino_deang in /home/regino_deang/testingfolder/JAVAproject/ntu_pjt2_pdt_sales_api)
2023-09-22 06:57:23.587 [restartedMain] INFO  c.p.pdt_sales.PdtSalesApplication - No active profile set, falling back to 1 default profile: "default"
2023-09-22 06:57:23.645 [restartedMain] INFO  o.s.d.r.c.RepositoryConfigurationDelegate - Bootstrapping Spring Data JPA repositories in DEFAULT mode.
2023-09-22 06:57:23.650 [restartedMain] INFO  o.s.d.r.c.RepositoryConfigurationDelegate - Finished Spring Data repository scanning in 4 ms. Found 2 JPA repository interfaces.
2023-09-22 06:57:23.709 [restartedMain] INFO  o.s.b.w.e.tomcat.TomcatWebServer - Tomcat initialized with port(s): 8080 (http)
2023-09-22 06:57:23.709 [restartedMain] INFO  o.a.coyote.http11.Http11NioProtocol - Initializing ProtocolHandler ["http-nio-8080"]
2023-09-22 06:57:23.710 [restartedMain] INFO  o.a.catalina.core.StandardService - Starting service [Tomcat]
2023-09-22 06:57:23.710 [restartedMain] INFO  o.a.catalina.core.StandardEngine - Starting Servlet engine: [Apache Tomcat/9.0.79]
2023-09-22 06:57:23.714 [restartedMain] INFO  o.a.c.c.C.[Tomcat-2].[localhost].[/] - Initializing Spring embedded WebApplicationContext
2023-09-22 06:57:23.714 [restartedMain] INFO  o.s.b.w.s.c.ServletWebServerApplicationContext - Root WebApplicationContext: initialization completed in 127 ms
2023-09-22 06:57:23.761 [restartedMain] INFO  o.h.jpa.internal.util.LogHelper - HHH000204: Processing PersistenceUnitInfo [name: default]
2023-09-22 06:57:23.765 [restartedMain] INFO  com.zaxxer.hikari.HikariDataSource - HikariPool-2 - Starting...
2023-09-22 06:57:23.776 [restartedMain] INFO  com.zaxxer.hikari.HikariDataSource - HikariPool-2 - Start completed.
2023-09-22 06:57:23.776 [restartedMain] INFO  org.hibernate.dialect.Dialect - HHH000400: Using dialect: org.hibernate.dialect.PostgreSQLDialect
2023-09-22 06:57:23.822 [restartedMain] INFO  o.h.e.t.j.p.i.JtaPlatformInitiator - HHH000490: Using JtaPlatform implementation: [org.hibernate.engine.transaction.jta.platform.internal.NoJtaPlatform]
2023-09-22 06:57:23.822 [restartedMain] INFO  o.s.o.j.LocalContainerEntityManagerFactoryBean - Initialized JPA EntityManagerFactory for persistence unit 'default'
2023-09-22 06:57:36.866 [restartedMain] INFO  o.s.s.web.DefaultSecurityFilterChain - Will secure any request with [org.springframework.security.web.session.DisableEncodeUrlFilter@75b45067, org.springframework.security.web.context.request.async.WebAsyncManagerIntegrationFilter@878cbe5, org.springframework.security.web.context.SecurityContextPersistenceFilter@3d3d1526, org.springframework.security.web.header.HeaderWriterFilter@1b7fba55, org.springframework.security.web.authentication.logout.LogoutFilter@6d5c5f3c, org.springframework.security.web.authentication.www.BasicAuthenticationFilter@62d0f77f, org.springframework.security.web.savedrequest.RequestCacheAwareFilter@352dee4d, org.springframework.security.web.servletapi.SecurityContextHolderAwareRequestFilter@53e647af, org.springframework.security.web.authentication.AnonymousAuthenticationFilter@2ac17dc7, org.springframework.security.web.session.SessionManagementFilter@2432afb0, org.springframework.security.web.access.ExceptionTranslationFilter@41b93438, org.springframework.security.web.access.intercept.AuthorizationFilter@5bbf3491]
2023-09-22 06:57:36.877 [restartedMain] WARN  o.s.b.a.o.j.JpaBaseConfiguration$JpaWebConfiguration - spring.jpa.open-in-view is enabled by default. Therefore, database queries may be performed during view rendering. Explicitly configure spring.jpa.open-in-view to disable this warning
2023-09-22 06:57:36.960 [restartedMain] INFO  o.s.b.d.a.OptionalLiveReloadServer - LiveReload server is running on port 35729
2023-09-22 06:57:36.964 [restartedMain] INFO  o.a.coyote.http11.Http11NioProtocol - Starting ProtocolHandler ["http-nio-8080"]
2023-09-22 06:57:36.969 [restartedMain] INFO  o.s.b.w.e.tomcat.TomcatWebServer - Tomcat started on port(s): 8080 (http) with context path ''
2023-09-22 06:57:36.972 [restartedMain] INFO  c.p.pdt_sales.PdtSalesApplication - Started PdtSalesApplication in 13.398 seconds (JVM running for 279.598)
2023-09-22 06:57:36.973 [restartedMain] INFO  o.s.b.d.a.ConditionEvaluationDeltaLoggingListener - Condition evaluation unchanged
2023-09-22 06:57:42.368 [File Watcher] INFO  o.s.b.d.a.LocalDevToolsAutoConfiguration$RestartingClassPathChangeChangedEventListener - Restarting due to 1 class path change (0 additions, 0 deletions, 1 modification)
2023-09-22 06:57:42.372 [Thread-7] INFO  o.a.coyote.http11.Http11NioProtocol - Pausing ProtocolHandler ["http-nio-8080"]
2023-09-22 06:57:42.372 [Thread-7] INFO  o.a.catalina.core.StandardService - Stopping service [Tomcat]
2023-09-22 06:57:42.376 [Thread-7] INFO  o.a.coyote.http11.Http11NioProtocol - Stopping ProtocolHandler ["http-nio-8080"]
2023-09-22 06:57:42.377 [Thread-7] INFO  o.a.coyote.http11.Http11NioProtocol - Destroying ProtocolHandler ["http-nio-8080"]
2023-09-22 06:57:42.378 [Thread-7] INFO  o.s.o.j.LocalContainerEntityManagerFactoryBean - Closing JPA EntityManagerFactory for persistence unit 'default'
2023-09-22 06:57:42.378 [Thread-7] INFO  com.zaxxer.hikari.HikariDataSource - HikariPool-2 - Shutdown initiated...
2023-09-22 06:57:42.383 [Thread-7] INFO  com.zaxxer.hikari.HikariDataSource - HikariPool-2 - Shutdown completed.
2023-09-22 06:57:42.419 [restartedMain] INFO  c.p.pdt_sales.PdtSalesApplication - Starting PdtSalesApplication using Java 17.0.8 on RJ with PID 18250 (/home/regino_deang/testingfolder/JAVAproject/ntu_pjt2_pdt_sales_api/target/classes started by regino_deang in /home/regino_deang/testingfolder/JAVAproject/ntu_pjt2_pdt_sales_api)
2023-09-22 06:57:42.419 [restartedMain] INFO  c.p.pdt_sales.PdtSalesApplication - No active profile set, falling back to 1 default profile: "default"
2023-09-22 06:57:42.470 [restartedMain] INFO  o.s.d.r.c.RepositoryConfigurationDelegate - Bootstrapping Spring Data JPA repositories in DEFAULT mode.
2023-09-22 06:57:42.474 [restartedMain] INFO  o.s.d.r.c.RepositoryConfigurationDelegate - Finished Spring Data repository scanning in 4 ms. Found 2 JPA repository interfaces.
2023-09-22 06:57:42.511 [restartedMain] INFO  o.s.b.w.e.tomcat.TomcatWebServer - Tomcat initialized with port(s): 8080 (http)
2023-09-22 06:57:42.512 [restartedMain] INFO  o.a.coyote.http11.Http11NioProtocol - Initializing ProtocolHandler ["http-nio-8080"]
2023-09-22 06:57:42.512 [restartedMain] INFO  o.a.catalina.core.StandardService - Starting service [Tomcat]
2023-09-22 06:57:42.512 [restartedMain] INFO  o.a.catalina.core.StandardEngine - Starting Servlet engine: [Apache Tomcat/9.0.79]
2023-09-22 06:57:42.514 [restartedMain] INFO  o.a.c.c.C.[Tomcat-2].[localhost].[/] - Initializing Spring embedded WebApplicationContext
2023-09-22 06:57:42.514 [restartedMain] INFO  o.s.b.w.s.c.ServletWebServerApplicationContext - Root WebApplicationContext: initialization completed in 94 ms
2023-09-22 06:57:42.535 [restartedMain] INFO  o.h.jpa.internal.util.LogHelper - HHH000204: Processing PersistenceUnitInfo [name: default]
2023-09-22 06:57:42.536 [restartedMain] INFO  com.zaxxer.hikari.HikariDataSource - HikariPool-3 - Starting...
2023-09-22 06:57:42.544 [restartedMain] INFO  com.zaxxer.hikari.HikariDataSource - HikariPool-3 - Start completed.
2023-09-22 06:57:42.544 [restartedMain] INFO  org.hibernate.dialect.Dialect - HHH000400: Using dialect: org.hibernate.dialect.PostgreSQLDialect
2023-09-22 06:57:42.574 [restartedMain] INFO  o.h.e.t.j.p.i.JtaPlatformInitiator - HHH000490: Using JtaPlatform implementation: [org.hibernate.engine.transaction.jta.platform.internal.NoJtaPlatform]
2023-09-22 06:57:42.575 [restartedMain] INFO  o.s.o.j.LocalContainerEntityManagerFactoryBean - Initialized JPA EntityManagerFactory for persistence unit 'default'
2023-09-22 06:57:55.243 [restartedMain] INFO  o.s.s.web.DefaultSecurityFilterChain - Will secure any request with [org.springframework.security.web.session.DisableEncodeUrlFilter@636b9953, org.springframework.security.web.context.request.async.WebAsyncManagerIntegrationFilter@d2d6667, org.springframework.security.web.context.SecurityContextPersistenceFilter@7bda86c6, org.springframework.security.web.header.HeaderWriterFilter@642492c3, org.springframework.security.web.authentication.logout.LogoutFilter@79465fc3, org.springframework.security.web.authentication.www.BasicAuthenticationFilter@18799e0c, org.springframework.security.web.savedrequest.RequestCacheAwareFilter@74917e8a, org.springframework.security.web.servletapi.SecurityContextHolderAwareRequestFilter@34634851, org.springframework.security.web.authentication.AnonymousAuthenticationFilter@7cc358db, org.springframework.security.web.session.SessionManagementFilter@3aeb1deb, org.springframework.security.web.access.ExceptionTranslationFilter@4bd89384, org.springframework.security.web.access.intercept.AuthorizationFilter@2de7829]
2023-09-22 06:57:55.254 [restartedMain] WARN  o.s.b.a.o.j.JpaBaseConfiguration$JpaWebConfiguration - spring.jpa.open-in-view is enabled by default. Therefore, database queries may be performed during view rendering. Explicitly configure spring.jpa.open-in-view to disable this warning
2023-09-22 06:57:55.322 [restartedMain] INFO  o.s.b.d.a.OptionalLiveReloadServer - LiveReload server is running on port 35729
2023-09-22 06:57:55.327 [restartedMain] INFO  o.s.b.w.e.tomcat.TomcatWebServer - Tomcat started on port(s): 8080 (http) with context path ''
2023-09-22 06:57:55.330 [restartedMain] INFO  c.p.pdt_sales.PdtSalesApplication - Started PdtSalesApplication in 12.919 seconds (JVM running for 297.956)
2023-09-22 06:57:55.330 [restartedMain] INFO  o.s.b.d.a.ConditionEvaluationDeltaLoggingListener - Condition evaluation unchanged
2023-09-22 06:57:55.332 [SpringApplicationShutdownHook] INFO  o.s.o.j.LocalContainerEntityManagerFactoryBean - Closing JPA EntityManagerFactory for persistence unit 'default'
2023-09-22 06:57:55.333 [SpringApplicationShutdownHook] INFO  com.zaxxer.hikari.HikariDataSource - HikariPool-3 - Shutdown initiated...
2023-09-22 06:57:55.337 [SpringApplicationShutdownHook] INFO  com.zaxxer.hikari.HikariDataSource - HikariPool-3 - Shutdown completed.
2023-09-22 06:58:03.244 [background-preinit] INFO  o.h.validator.internal.util.Version - HV000001: Hibernate Validator 6.2.5.Final
2023-09-22 06:58:03.246 [restartedMain] INFO  c.p.pdt_sales.PdtSalesApplication - Starting PdtSalesApplication using Java 17.0.8 on RJ with PID 21220 (/home/regino_deang/testingfolder/JAVAproject/ntu_pjt2_pdt_sales_api/target/classes started by regino_deang in /home/regino_deang/testingfolder/JAVAproject/ntu_pjt2_pdt_sales_api)
2023-09-22 06:58:03.246 [restartedMain] INFO  c.p.pdt_sales.PdtSalesApplication - No active profile set, falling back to 1 default profile: "default"
2023-09-22 06:58:03.273 [restartedMain] INFO  o.s.b.d.e.DevToolsPropertyDefaultsPostProcessor - Devtools property defaults active! Set 'spring.devtools.add-properties' to 'false' to disable
2023-09-22 06:58:03.274 [restartedMain] INFO  o.s.b.d.e.DevToolsPropertyDefaultsPostProcessor - For additional web related logging consider setting the 'logging.level.web' property to 'DEBUG'
2023-09-22 06:58:03.543 [restartedMain] INFO  o.s.d.r.c.RepositoryConfigurationDelegate - Bootstrapping Spring Data JPA repositories in DEFAULT mode.
2023-09-22 06:58:03.572 [restartedMain] INFO  o.s.d.r.c.RepositoryConfigurationDelegate - Finished Spring Data repository scanning in 26 ms. Found 2 JPA repository interfaces.
2023-09-22 06:58:03.874 [restartedMain] INFO  o.s.b.w.e.tomcat.TomcatWebServer - Tomcat initialized with port(s): 8080 (http)
2023-09-22 06:58:03.878 [restartedMain] INFO  o.a.coyote.http11.Http11NioProtocol - Initializing ProtocolHandler ["http-nio-8080"]
2023-09-22 06:58:03.879 [restartedMain] INFO  o.a.catalina.core.StandardService - Starting service [Tomcat]
2023-09-22 06:58:03.879 [restartedMain] INFO  o.a.catalina.core.StandardEngine - Starting Servlet engine: [Apache Tomcat/9.0.79]
2023-09-22 06:58:03.911 [restartedMain] INFO  o.a.c.c.C.[Tomcat].[localhost].[/] - Initializing Spring embedded WebApplicationContext
2023-09-22 06:58:03.911 [restartedMain] INFO  o.s.b.w.s.c.ServletWebServerApplicationContext - Root WebApplicationContext: initialization completed in 637 ms
2023-09-22 06:58:04.002 [restartedMain] INFO  o.h.jpa.internal.util.LogHelper - HHH000204: Processing PersistenceUnitInfo [name: default]
2023-09-22 06:58:04.019 [restartedMain] INFO  org.hibernate.Version - HHH000412: Hibernate ORM core version 5.6.15.Final
2023-09-22 06:58:04.080 [restartedMain] INFO  o.h.annotations.common.Version - HCANN000001: Hibernate Commons Annotations {5.1.2.Final}
2023-09-22 06:58:04.118 [restartedMain] INFO  com.zaxxer.hikari.HikariDataSource - HikariPool-1 - Starting...
2023-09-22 06:58:04.232 [restartedMain] INFO  com.zaxxer.hikari.HikariDataSource - HikariPool-1 - Start completed.
2023-09-22 06:58:04.239 [restartedMain] INFO  org.hibernate.dialect.Dialect - HHH000400: Using dialect: org.hibernate.dialect.PostgreSQLDialect
2023-09-22 06:58:04.539 [restartedMain] INFO  o.h.e.t.j.p.i.JtaPlatformInitiator - HHH000490: Using JtaPlatform implementation: [org.hibernate.engine.transaction.jta.platform.internal.NoJtaPlatform]
2023-09-22 06:58:04.543 [restartedMain] INFO  o.s.o.j.LocalContainerEntityManagerFactoryBean - Initialized JPA EntityManagerFactory for persistence unit 'default'
2023-09-22 06:58:18.712 [restartedMain] INFO  o.s.s.web.DefaultSecurityFilterChain - Will secure any request with [org.springframework.security.web.session.DisableEncodeUrlFilter@65343e41, org.springframework.security.web.context.request.async.WebAsyncManagerIntegrationFilter@7da3c9ea, org.springframework.security.web.context.SecurityContextPersistenceFilter@2746e565, org.springframework.security.web.header.HeaderWriterFilter@eb8feb8, org.springframework.security.web.authentication.logout.LogoutFilter@fe7abb8, org.springframework.security.web.authentication.www.BasicAuthenticationFilter@59e83cf9, org.springframework.security.web.savedrequest.RequestCacheAwareFilter@149eb338, org.springframework.security.web.servletapi.SecurityContextHolderAwareRequestFilter@3d860b10, org.springframework.security.web.authentication.AnonymousAuthenticationFilter@2be1ec95, org.springframework.security.web.session.SessionManagementFilter@29c9bd55, org.springframework.security.web.access.ExceptionTranslationFilter@bf992f9, org.springframework.security.web.access.intercept.AuthorizationFilter@4fd7b5be]
2023-09-22 06:58:18.733 [restartedMain] WARN  o.s.b.a.o.j.JpaBaseConfiguration$JpaWebConfiguration - spring.jpa.open-in-view is enabled by default. Therefore, database queries may be performed during view rendering. Explicitly configure spring.jpa.open-in-view to disable this warning
2023-09-22 06:58:18.901 [restartedMain] INFO  o.s.b.d.a.OptionalLiveReloadServer - LiveReload server is running on port 35729
2023-09-22 06:58:18.907 [restartedMain] INFO  o.a.coyote.http11.Http11NioProtocol - Starting ProtocolHandler ["http-nio-8080"]
2023-09-22 06:58:18.913 [restartedMain] INFO  o.s.b.w.e.tomcat.TomcatWebServer - Tomcat started on port(s): 8080 (http) with context path ''
2023-09-22 06:58:18.919 [restartedMain] INFO  c.p.pdt_sales.PdtSalesApplication - Started PdtSalesApplication in 15.809 seconds (JVM running for 16.02)
2023-09-22 06:59:09.888 [http-nio-8080-exec-2] INFO  o.a.c.c.C.[Tomcat].[localhost].[/] - Initializing Spring DispatcherServlet 'dispatcherServlet'
2023-09-22 06:59:09.888 [http-nio-8080-exec-2] INFO  o.s.web.servlet.DispatcherServlet - Initializing Servlet 'dispatcherServlet'
2023-09-22 06:59:09.889 [http-nio-8080-exec-2] INFO  o.s.web.servlet.DispatcherServlet - Completed initialization in 1 ms
2023-09-22 06:59:09.895 [http-nio-8080-exec-2] INFO  c.p.p.R.LoggingFilter - Request Method: GET; Resource: productID:111
2023-09-22 06:59:09.950 [http-nio-8080-exec-2] WARN  o.s.w.s.m.m.a.ExceptionHandlerExceptionResolver - Resolved [com.pdt_sales.pdt_sales.exception.ProductNotFoundException: Could not find product 111]
2023-09-22 06:59:13.794 [http-nio-8080-exec-3] INFO  c.p.p.R.LoggingFilter - Request Method: GET; Resource: all product records
2023-09-22 06:59:33.322 [http-nio-8080-exec-4] INFO  c.p.p.R.LoggingFilter - Request Method: GET; Resource: all sales records
2023-09-22 06:59:45.758 [http-nio-8080-exec-5] INFO  c.p.p.R.LoggingFilter - Request Method: POST; Resource: all product records
2023-09-22 06:59:45.816 [http-nio-8080-exec-5] INFO  c.p.p.R.PostProducts - Product Key (111) created
2023-09-22 06:59:49.359 [http-nio-8080-exec-6] INFO  c.p.p.R.LoggingFilter - Request Method: POST; Resource: all product records
2023-09-22 06:59:49.364 [http-nio-8080-exec-6] INFO  c.p.p.R.PostProducts - Product Key (111) created
2023-09-22 07:00:05.664 [http-nio-8080-exec-7] INFO  c.p.p.R.LoggingFilter - Request Method: POST; Resource: all product records
2023-09-22 07:00:05.670 [http-nio-8080-exec-7] INFO  c.p.p.R.PostProducts - Product Key (214) created
2023-09-22 07:01:13.529 [File Watcher] INFO  o.s.b.d.a.LocalDevToolsAutoConfiguration$RestartingClassPathChangeChangedEventListener - Restarting due to 1 class path change (0 additions, 0 deletions, 1 modification)
2023-09-22 07:01:13.536 [Thread-5] INFO  o.a.coyote.http11.Http11NioProtocol - Pausing ProtocolHandler ["http-nio-8080"]
2023-09-22 07:01:13.536 [Thread-5] INFO  o.a.catalina.core.StandardService - Stopping service [Tomcat]
2023-09-22 07:01:13.536 [Thread-5] INFO  o.a.c.c.C.[Tomcat].[localhost].[/] - Destroying Spring FrameworkServlet 'dispatcherServlet'
2023-09-22 07:01:13.543 [Thread-5] INFO  o.a.coyote.http11.Http11NioProtocol - Stopping ProtocolHandler ["http-nio-8080"]
2023-09-22 07:01:13.544 [Thread-5] INFO  o.a.coyote.http11.Http11NioProtocol - Destroying ProtocolHandler ["http-nio-8080"]
2023-09-22 07:01:13.545 [Thread-5] INFO  o.s.o.j.LocalContainerEntityManagerFactoryBean - Closing JPA EntityManagerFactory for persistence unit 'default'
2023-09-22 07:01:13.547 [Thread-5] INFO  com.zaxxer.hikari.HikariDataSource - HikariPool-1 - Shutdown initiated...
2023-09-22 07:01:13.553 [Thread-5] INFO  com.zaxxer.hikari.HikariDataSource - HikariPool-1 - Shutdown completed.
2023-09-22 07:01:13.590 [restartedMain] INFO  c.p.pdt_sales.PdtSalesApplication - Starting PdtSalesApplication using Java 17.0.8 on RJ with PID 21220 (/home/regino_deang/testingfolder/JAVAproject/ntu_pjt2_pdt_sales_api/target/classes started by regino_deang in /home/regino_deang/testingfolder/JAVAproject/ntu_pjt2_pdt_sales_api)
2023-09-22 07:01:13.590 [restartedMain] INFO  c.p.pdt_sales.PdtSalesApplication - No active profile set, falling back to 1 default profile: "default"
2023-09-22 07:01:13.666 [restartedMain] INFO  o.s.d.r.c.RepositoryConfigurationDelegate - Bootstrapping Spring Data JPA repositories in DEFAULT mode.
2023-09-22 07:01:13.670 [restartedMain] INFO  o.s.d.r.c.RepositoryConfigurationDelegate - Finished Spring Data repository scanning in 4 ms. Found 2 JPA repository interfaces.
2023-09-22 07:01:13.724 [restartedMain] INFO  o.s.b.w.e.tomcat.TomcatWebServer - Tomcat initialized with port(s): 8080 (http)
2023-09-22 07:01:13.725 [restartedMain] INFO  o.a.coyote.http11.Http11NioProtocol - Initializing ProtocolHandler ["http-nio-8080"]
2023-09-22 07:01:13.725 [restartedMain] INFO  o.a.catalina.core.StandardService - Starting service [Tomcat]
2023-09-22 07:01:13.725 [restartedMain] INFO  o.a.catalina.core.StandardEngine - Starting Servlet engine: [Apache Tomcat/9.0.79]
2023-09-22 07:01:13.730 [restartedMain] INFO  o.a.c.c.C.[Tomcat].[localhost].[/] - Initializing Spring embedded WebApplicationContext
2023-09-22 07:01:13.730 [restartedMain] INFO  o.s.b.w.s.c.ServletWebServerApplicationContext - Root WebApplicationContext: initialization completed in 139 ms
2023-09-22 07:01:13.753 [restartedMain] INFO  o.h.jpa.internal.util.LogHelper - HHH000204: Processing PersistenceUnitInfo [name: default]
2023-09-22 07:01:13.755 [restartedMain] INFO  com.zaxxer.hikari.HikariDataSource - HikariPool-2 - Starting...
2023-09-22 07:01:13.764 [restartedMain] INFO  com.zaxxer.hikari.HikariDataSource - HikariPool-2 - Start completed.
2023-09-22 07:01:13.764 [restartedMain] INFO  org.hibernate.dialect.Dialect - HHH000400: Using dialect: org.hibernate.dialect.PostgreSQLDialect
2023-09-22 07:01:13.796 [restartedMain] INFO  o.h.e.t.j.p.i.JtaPlatformInitiator - HHH000490: Using JtaPlatform implementation: [org.hibernate.engine.transaction.jta.platform.internal.NoJtaPlatform]
2023-09-22 07:01:13.797 [restartedMain] INFO  o.s.o.j.LocalContainerEntityManagerFactoryBean - Initialized JPA EntityManagerFactory for persistence unit 'default'
2023-09-22 07:01:26.881 [restartedMain] INFO  o.s.s.web.DefaultSecurityFilterChain - Will secure any request with [org.springframework.security.web.session.DisableEncodeUrlFilter@50bd82b4, org.springframework.security.web.context.request.async.WebAsyncManagerIntegrationFilter@3f1efb21, org.springframework.security.web.context.SecurityContextPersistenceFilter@50202dbe, org.springframework.security.web.header.HeaderWriterFilter@954d6ca, org.springframework.security.web.authentication.logout.LogoutFilter@149e7d56, org.springframework.security.web.authentication.www.BasicAuthenticationFilter@451d85c7, org.springframework.security.web.savedrequest.RequestCacheAwareFilter@4a8f21f, org.springframework.security.web.servletapi.SecurityContextHolderAwareRequestFilter@2be596c6, org.springframework.security.web.authentication.AnonymousAuthenticationFilter@524e1314, org.springframework.security.web.session.SessionManagementFilter@750b175e, org.springframework.security.web.access.ExceptionTranslationFilter@5f9169ac, org.springframework.security.web.access.intercept.AuthorizationFilter@62d6214]
2023-09-22 07:01:26.892 [restartedMain] WARN  o.s.b.a.o.j.JpaBaseConfiguration$JpaWebConfiguration - spring.jpa.open-in-view is enabled by default. Therefore, database queries may be performed during view rendering. Explicitly configure spring.jpa.open-in-view to disable this warning
2023-09-22 07:01:26.973 [restartedMain] INFO  o.s.b.d.a.OptionalLiveReloadServer - LiveReload server is running on port 35729
2023-09-22 07:01:26.976 [restartedMain] INFO  o.a.coyote.http11.Http11NioProtocol - Starting ProtocolHandler ["http-nio-8080"]
2023-09-22 07:01:26.978 [restartedMain] INFO  o.s.b.w.e.tomcat.TomcatWebServer - Tomcat started on port(s): 8080 (http) with context path ''
2023-09-22 07:01:26.981 [restartedMain] INFO  c.p.pdt_sales.PdtSalesApplication - Started PdtSalesApplication in 13.401 seconds (JVM running for 204.082)
2023-09-22 07:01:26.982 [restartedMain] INFO  o.s.b.d.a.ConditionEvaluationDeltaLoggingListener - Condition evaluation unchanged
2023-09-22 07:01:28.377 [File Watcher] INFO  o.s.b.d.a.LocalDevToolsAutoConfiguration$RestartingClassPathChangeChangedEventListener - Restarting due to 1 class path change (0 additions, 0 deletions, 1 modification)
2023-09-22 07:01:28.379 [Thread-7] INFO  o.a.coyote.http11.Http11NioProtocol - Pausing ProtocolHandler ["http-nio-8080"]
2023-09-22 07:01:28.379 [Thread-7] INFO  o.a.catalina.core.StandardService - Stopping service [Tomcat]
2023-09-22 07:01:28.381 [Thread-7] INFO  o.a.coyote.http11.Http11NioProtocol - Stopping ProtocolHandler ["http-nio-8080"]
2023-09-22 07:01:28.382 [Thread-7] INFO  o.a.coyote.http11.Http11NioProtocol - Destroying ProtocolHandler ["http-nio-8080"]
2023-09-22 07:01:28.383 [Thread-7] INFO  o.s.o.j.LocalContainerEntityManagerFactoryBean - Closing JPA EntityManagerFactory for persistence unit 'default'
2023-09-22 07:01:28.383 [Thread-7] INFO  com.zaxxer.hikari.HikariDataSource - HikariPool-2 - Shutdown initiated...
2023-09-22 07:01:28.388 [Thread-7] INFO  com.zaxxer.hikari.HikariDataSource - HikariPool-2 - Shutdown completed.
2023-09-22 07:01:28.421 [restartedMain] INFO  c.p.pdt_sales.PdtSalesApplication - Starting PdtSalesApplication using Java 17.0.8 on RJ with PID 21220 (/home/regino_deang/testingfolder/JAVAproject/ntu_pjt2_pdt_sales_api/target/classes started by regino_deang in /home/regino_deang/testingfolder/JAVAproject/ntu_pjt2_pdt_sales_api)
2023-09-22 07:01:28.421 [restartedMain] INFO  c.p.pdt_sales.PdtSalesApplication - No active profile set, falling back to 1 default profile: "default"
2023-09-22 07:01:28.480 [restartedMain] INFO  o.s.d.r.c.RepositoryConfigurationDelegate - Bootstrapping Spring Data JPA repositories in DEFAULT mode.
2023-09-22 07:01:28.485 [restartedMain] INFO  o.s.d.r.c.RepositoryConfigurationDelegate - Finished Spring Data repository scanning in 4 ms. Found 2 JPA repository interfaces.
2023-09-22 07:01:28.525 [restartedMain] INFO  o.s.b.w.e.tomcat.TomcatWebServer - Tomcat initialized with port(s): 8080 (http)
2023-09-22 07:01:28.525 [restartedMain] INFO  o.a.coyote.http11.Http11NioProtocol - Initializing ProtocolHandler ["http-nio-8080"]
2023-09-22 07:01:28.526 [restartedMain] INFO  o.a.catalina.core.StandardService - Starting service [Tomcat]
2023-09-22 07:01:28.526 [restartedMain] INFO  o.a.catalina.core.StandardEngine - Starting Servlet engine: [Apache Tomcat/9.0.79]
2023-09-22 07:01:28.529 [restartedMain] INFO  o.a.c.c.C.[Tomcat].[localhost].[/] - Initializing Spring embedded WebApplicationContext
2023-09-22 07:01:28.529 [restartedMain] INFO  o.s.b.w.s.c.ServletWebServerApplicationContext - Root WebApplicationContext: initialization completed in 107 ms
2023-09-22 07:01:28.553 [restartedMain] INFO  o.h.jpa.internal.util.LogHelper - HHH000204: Processing PersistenceUnitInfo [name: default]
2023-09-22 07:01:28.554 [restartedMain] INFO  com.zaxxer.hikari.HikariDataSource - HikariPool-3 - Starting...
2023-09-22 07:01:28.562 [restartedMain] INFO  com.zaxxer.hikari.HikariDataSource - HikariPool-3 - Start completed.
2023-09-22 07:01:28.562 [restartedMain] INFO  org.hibernate.dialect.Dialect - HHH000400: Using dialect: org.hibernate.dialect.PostgreSQLDialect
2023-09-22 07:01:28.596 [restartedMain] INFO  o.h.e.t.j.p.i.JtaPlatformInitiator - HHH000490: Using JtaPlatform implementation: [org.hibernate.engine.transaction.jta.platform.internal.NoJtaPlatform]
2023-09-22 07:01:28.596 [restartedMain] INFO  o.s.o.j.LocalContainerEntityManagerFactoryBean - Initialized JPA EntityManagerFactory for persistence unit 'default'
2023-09-22 07:01:42.125 [restartedMain] INFO  o.s.s.web.DefaultSecurityFilterChain - Will secure any request with [org.springframework.security.web.session.DisableEncodeUrlFilter@2ec56e79, org.springframework.security.web.context.request.async.WebAsyncManagerIntegrationFilter@6f6d9cb3, org.springframework.security.web.context.SecurityContextPersistenceFilter@b8f2c79, org.springframework.security.web.header.HeaderWriterFilter@b3064e7, org.springframework.security.web.authentication.logout.LogoutFilter@5ebc7706, org.springframework.security.web.authentication.www.BasicAuthenticationFilter@13fc2f47, org.springframework.security.web.savedrequest.RequestCacheAwareFilter@3d49b31e, org.springframework.security.web.servletapi.SecurityContextHolderAwareRequestFilter@3556ef0c, org.springframework.security.web.authentication.AnonymousAuthenticationFilter@49ac5c38, org.springframework.security.web.session.SessionManagementFilter@67dfd647, org.springframework.security.web.access.ExceptionTranslationFilter@2f033e68, org.springframework.security.web.access.intercept.AuthorizationFilter@2cb15adc]
2023-09-22 07:01:42.133 [restartedMain] WARN  o.s.b.a.o.j.JpaBaseConfiguration$JpaWebConfiguration - spring.jpa.open-in-view is enabled by default. Therefore, database queries may be performed during view rendering. Explicitly configure spring.jpa.open-in-view to disable this warning
2023-09-22 07:01:42.204 [restartedMain] INFO  o.s.b.d.a.OptionalLiveReloadServer - LiveReload server is running on port 35729
2023-09-22 07:01:42.208 [restartedMain] INFO  o.a.coyote.http11.Http11NioProtocol - Starting ProtocolHandler ["http-nio-8080"]
2023-09-22 07:01:42.211 [restartedMain] INFO  o.s.b.w.e.tomcat.TomcatWebServer - Tomcat started on port(s): 8080 (http) with context path ''
2023-09-22 07:01:42.213 [restartedMain] INFO  c.p.pdt_sales.PdtSalesApplication - Started PdtSalesApplication in 13.801 seconds (JVM running for 219.314)
2023-09-22 07:01:42.213 [restartedMain] INFO  o.s.b.d.a.ConditionEvaluationDeltaLoggingListener - Condition evaluation unchanged
2023-09-22 07:01:43.375 [SpringApplicationShutdownHook] INFO  o.s.o.j.LocalContainerEntityManagerFactoryBean - Closing JPA EntityManagerFactory for persistence unit 'default'
2023-09-22 07:01:43.375 [SpringApplicationShutdownHook] INFO  com.zaxxer.hikari.HikariDataSource - HikariPool-3 - Shutdown initiated...
2023-09-22 07:01:43.380 [SpringApplicationShutdownHook] INFO  com.zaxxer.hikari.HikariDataSource - HikariPool-3 - Shutdown completed.
